Arguments: 
  C:\Program Files\nodejs\node.exe C:\Users\david\AppData\Roaming\npm\node_modules\yarn\bin\yarn.js add express morgan coors mongoose morgan

PATH: 
  C:\Program Files (x86)\Intel\Intel(R) Management Engine Components\iCLS\;C:\Program Files\Intel\Intel(R) Management Engine Components\iCLS\;C:\Windows\system32;C:\Windows;C:\Windows\System32\Wbem;C:\Windows\System32\WindowsPowerShell\v1.0\;C:\Windows\System32\OpenSSH\;C:\Program Files (x86)\Intel\Intel(R) Management Engine Components\DAL;C:\Program Files\Intel\Intel(R) Management Engine Components\DAL;C:\Program Files (x86)\Intel\Intel(R) Management Engine Components\IPT;C:\Program Files\Intel\Intel(R) Management Engine Components\IPT;C:\Program Files (x86)\NVIDIA Corporation\PhysX\Common;C:\Program Files\Intel\WiFi\bin\;C:\Program Files\Common Files\Intel\WirelessCommon\;C:\Program Files\Git\cmd;C:\Program Files\nodejs\;C:\WINDOWS\system32;C:\WINDOWS;C:\WINDOWS\System32\Wbem;C:\WINDOWS\System32\WindowsPowerShell\v1.0\;C:\WINDOWS\System32\OpenSSH\;C:\Program Files\NVIDIA Corporation\NVIDIA NvDLISR;C:\Users\david\AppData\Local\Programs\Python\Python37\Scripts\;C:\Users\david\AppData\Local\Programs\Python\Python37\;C:\Users\david\AppData\Roaming\Python\Python37\Scripts;C:\Users\david\AppData\Roaming\Python\Python37;C:\Users\david\AppData\Local\Programs\Microsoft VS Code\bin;C:\Users\david\AppData\Local\GitHubDesktop\bin;C:\Users\david\AppData\Roaming\npm;%USERPROFILE%\AppData\Local\Microsoft\WindowsApps;

Yarn version: 
  1.17.3

Node version: 
  10.16.1

Platform: 
  win32 x64

Trace: 
  Error: https://registry.yarnpkg.com/coors: Not found
      at Request.params.callback [as _callback] (C:\Users\david\AppData\Roaming\npm\node_modules\yarn\lib\cli.js:66830:18)
      at Request.self.callback (C:\Users\david\AppData\Roaming\npm\node_modules\yarn\lib\cli.js:140464:22)
      at Request.emit (events.js:198:13)
      at Request.<anonymous> (C:\Users\david\AppData\Roaming\npm\node_modules\yarn\lib\cli.js:141436:10)
      at Request.emit (events.js:198:13)
      at IncomingMessage.<anonymous> (C:\Users\david\AppData\Roaming\npm\node_modules\yarn\lib\cli.js:141358:12)
      at Object.onceWrapper (events.js:286:20)
      at IncomingMessage.emit (events.js:203:15)
      at endReadableNT (_stream_readable.js:1145:12)
      at process._tickCallback (internal/process/next_tick.js:63:19)

npm manifest: 
  {
    "name": "api",
    "version": "1.0.0",
    "description": "",
    "main": "index.js",
    "scripts": {
      "test": "echo \"Error: no test specified\" && exit 1"
    },
    "keywords": [],
    "author": "",
    "license": "ISC"
  }

yarn manifest: 
  No manifest

Lockfile: 
  # THIS IS AN AUTOGENERATED FILE. DO NOT EDIT THIS FILE DIRECTLY.
  # yarn lockfile v1
